(2017-28-12 14:30:03), INFO, <watchdog>, watchdog, work, [90]: 
{'communication', 'waitress', 'sender', 'handler', 'MainThread', 'checker', 'watchdog'}
(2017-28-12 14:30:13), INFO, <watchdog>, watchdog, work, [90]: 
{'communication', 'waitress', 'sender', 'handler', 'MainThread', 'checker', 'watchdog'}
(2017-28-12 14:30:23), INFO, <watchdog>, watchdog, work, [90]: 
{'communication', 'waitress', 'sender', 'handler', 'MainThread', 'watchdog'}
(2017-28-12 14:30:23), DEBUG, <checker>, your_plugin, user_check, [242]: begin~~~~~~~~~~~~~~~~~~~~~~!!!!!!!!!!!!!!!!
(2017-28-12 14:30:23), INFO, <watchdog>, watchdog, work, [99]: restart done
(2017-28-12 14:30:23), DEBUG, <checker>, your_plugin, bus_recv, [55]: [1, 2, 3, 4, 5, 6, 7, 8, 9, 10, 11, 12, 13, 14, 15, 16, 17, 18, 19, 20, 21, 22, 23, 24, 25, 26, 27, 60]
(2017-28-12 14:30:23), ERROR, <checker>, your_plugin, user_check, [260]: [WinError 10038] 在一个非套接字上尝试了一个操作。
(2017-28-12 14:30:33), INFO, <watchdog>, watchdog, work, [90]: 
{'communication', 'waitress', 'sender', 'handler', 'MainThread', 'checker', 'watchdog'}
(2017-28-12 14:30:43), INFO, <watchdog>, watchdog, work, [90]: 
{'communication', 'waitress', 'sender', 'handler', 'MainThread', 'checker', 'watchdog'}
(2017-28-12 14:30:53), INFO, <watchdog>, watchdog, work, [90]: 
{'communication', 'waitress', 'sender', 'handler', 'MainThread', 'watchdog'}
(2017-28-12 14:30:53), DEBUG, <checker>, your_plugin, user_check, [242]: begin~~~~~~~~~~~~~~~~~~~~~~!!!!!!!!!!!!!!!!
(2017-28-12 14:30:53), DEBUG, <checker>, your_plugin, bus_recv, [55]: [1, 2, 3, 4, 5, 6, 7, 8, 9, 10, 11, 12, 13, 14, 15, 16, 17, 18, 19, 20, 21, 22, 23, 24, 25, 26, 27, 60]
(2017-28-12 14:30:53), ERROR, <checker>, your_plugin, user_check, [260]: [WinError 10038] 在一个非套接字上尝试了一个操作。
(2017-28-12 14:30:53), INFO, <watchdog>, watchdog, work, [99]: restart done
(2017-28-12 14:31:03), INFO, <watchdog>, watchdog, work, [90]: 
{'communication', 'waitress', 'sender', 'handler', 'MainThread', 'checker', 'watchdog'}
(2017-28-12 14:31:13), INFO, <watchdog>, watchdog, work, [90]: 
{'communication', 'waitress', 'sender', 'handler', 'MainThread', 'checker', 'watchdog'}
(2017-28-12 14:31:23), INFO, <watchdog>, watchdog, work, [90]: 
{'communication', 'waitress', 'sender', 'handler', 'MainThread', 'watchdog'}
(2017-28-12 14:31:23), DEBUG, <checker>, your_plugin, user_check, [242]: begin~~~~~~~~~~~~~~~~~~~~~~!!!!!!!!!!!!!!!!
(2017-28-12 14:31:23), DEBUG, <checker>, your_plugin, bus_recv, [55]: [1, 2, 3, 4, 5, 6, 7, 8, 9, 10, 11, 12, 13, 14, 15, 16, 17, 18, 19, 20, 21, 22, 23, 24, 25, 26, 27, 60]
(2017-28-12 14:31:23), INFO, <watchdog>, watchdog, work, [99]: restart done
(2017-28-12 14:31:23), ERROR, <checker>, your_plugin, user_check, [260]: [WinError 10038] 在一个非套接字上尝试了一个操作。
(2017-28-12 14:31:33), INFO, <watchdog>, watchdog, work, [90]: 
{'communication', 'waitress', 'sender', 'handler', 'MainThread', 'checker', 'watchdog'}
(2017-28-12 14:31:43), INFO, <watchdog>, watchdog, work, [90]: 
{'communication', 'waitress', 'sender', 'handler', 'MainThread', 'checker', 'watchdog'}
(2017-28-12 14:31:53), INFO, <watchdog>, watchdog, work, [90]: 
{'communication', 'waitress', 'sender', 'handler', 'MainThread', 'watchdog'}
(2017-28-12 14:31:53), DEBUG, <checker>, your_plugin, user_check, [242]: begin~~~~~~~~~~~~~~~~~~~~~~!!!!!!!!!!!!!!!!
(2017-28-12 14:31:53), DEBUG, <checker>, your_plugin, bus_recv, [55]: [1, 2, 3, 4, 5, 6, 7, 8, 9, 10, 11, 12, 13, 14, 15, 16, 17, 18, 19, 20, 21, 22, 23, 24, 25, 26, 27, 60]
(2017-28-12 14:31:53), INFO, <watchdog>, watchdog, work, [99]: restart done
(2017-28-12 14:31:53), ERROR, <checker>, your_plugin, user_check, [260]: [WinError 10038] 在一个非套接字上尝试了一个操作。
(2017-28-12 14:32:03), INFO, <watchdog>, watchdog, work, [90]: 
{'communication', 'waitress', 'sender', 'handler', 'MainThread', 'checker', 'watchdog'}
(2017-28-12 14:32:13), INFO, <watchdog>, watchdog, work, [90]: 
{'communication', 'waitress', 'sender', 'handler', 'MainThread', 'checker', 'watchdog'}
